<?xml version="1.0" encoding="UTF-8"?>
<!-- Generated by org.testng.reporters.JUnitReportReporter -->
<testsuite hostname="Jyothi" failures="0" tests="2" name="testing.revisit.facebook" time="3.097" errors="0" timestamp="22 Apr 2025 22:01:58 GMT" skipped="0">
  <testcase classname="testing.revisit.facebook" name="testtours" time="3.084"/>
  <testcase classname="testing.revisit.facebook" name="tearDown" time="0.013"/>
</testsuite> <!-- testing.revisit.facebook -->
