<?xml version="1.0" encoding="UTF-8"?>
<!-- Generated by org.testng.reporters.JUnitReportReporter -->
<testsuite hostname="Jyothi" failures="0" tests="2" name="testing.revisit.facebook" time="7.804" errors="0" timestamp="04 May 2025 17:39:05 GMT" skipped="0">
  <testcase classname="testing.revisit.facebook" name="testtours" time="7.790"/>
  <testcase classname="testing.revisit.facebook" name="tearDown" time="0.014"/>
</testsuite> <!-- testing.revisit.facebook -->
